/bin/sh: строка 1: /home/kdrik/.config/hypr/scripts/xdg.sh: Отказано в доступе
The XKEYBOARD keymap compiler (xkbcomp) reports:
> Warning:          Unsupported maximum keycode 708, clipping.
>                   X11 cannot support keycodes above 255.
> Warning:          Could not resolve keysym XF86KbdInputAssistPrevgrou
> Warning:          Could not resolve keysym XF86KbdInputAssistNextgrou
Errors from xkbcomp are not fatal to the X server
blueman-applet 14.25.19 WARNING  PluginManager:93 load_plugin: Failed to start plugin GameControllerWakelock: Only X11 platform is supported

(nm-applet:1308): Gtk-CRITICAL **: 14:25:19.705: gtk_widget_get_scale_factor: assertion 'GTK_IS_WIDGET (widget)' failed

** (waybar:1291): WARNING **: 14:25:19.709: Status Notifier Item with bus name ':1.8' and object path '/org/ayatana/NotificationItem/nm_applet' is already registered
blueman-applet 14.25.19 WARNING  PluginManager:150 __load_plugin: Not loading DhcpClient because its conflict has higher priority
blueman-applet 14.25.19 WARNING  PluginManager:150 __load_plugin: Not loading PPPSupport because its conflict has higher priority

** (waybar:1291): WARNING **: 14:25:20.139: Status Notifier Item with bus name ':1.8' and object path '/org/ayatana/NotificationItem/nm_applet' is already registered
The XKEYBOARD keymap compiler (xkbcomp) reports:
> Warning:          Unsupported maximum keycode 708, clipping.
>                   X11 cannot support keycodes above 255.
> Warning:          Could not resolve keysym XF86KbdInputAssistPrevgrou
> Warning:          Could not resolve keysym XF86KbdInputAssistNextgrou
Errors from xkbcomp are not fatal to the X server
[1,506] [PARSE ERROR] Unknown OSC escape code: 13;#e4dfe7
[1,506] [PARSE ERROR] Unknown OSC escape code: 708;#181e31
[1,798] [PARSE ERROR] Unknown OSC escape code: 13;#e4dfe7
[1,798] [PARSE ERROR] Unknown OSC escape code: 708;#181e31
The XKEYBOARD keymap compiler (xkbcomp) reports:
> Warning:          Unsupported maximum keycode 708, clipping.
>                   X11 cannot support keycodes above 255.
> Warning:          Could not resolve keysym XF86KbdInputAssistPrevgrou
> Warning:          Could not resolve keysym XF86KbdInputAssistNextgrou
Errors from xkbcomp are not fatal to the X server
The XKEYBOARD keymap compiler (xkbcomp) reports:
> Warning:          Unsupported maximum keycode 708, clipping.
>                   X11 cannot support keycodes above 255.
> Warning:          Could not resolve keysym XF86KbdInputAssistPrevgrou
> Warning:          Could not resolve keysym XF86KbdInputAssistNextgrou
Errors from xkbcomp are not fatal to the X server
The XKEYBOARD keymap compiler (xkbcomp) reports:
> Warning:          Unsupported maximum keycode 708, clipping.
>                   X11 cannot support keycodes above 255.
> Warning:          Could not resolve keysym XF86KbdInputAssistPrevgrou
> Warning:          Could not resolve keysym XF86KbdInputAssistNextgrou
Errors from xkbcomp are not fatal to the X server
The XKEYBOARD keymap compiler (xkbcomp) reports:
> Warning:          Unsupported maximum keycode 708, clipping.
>                   X11 cannot support keycodes above 255.
> Warning:          Could not resolve keysym XF86KbdInputAssistPrevgrou
> Warning:          Could not resolve keysym XF86KbdInputAssistNextgrou
Errors from xkbcomp are not fatal to the X server
The XKEYBOARD keymap compiler (xkbcomp) reports:
> Warning:          Unsupported maximum keycode 708, clipping.
>                   X11 cannot support keycodes above 255.
> Warning:          Could not resolve keysym XF86KbdInputAssistPrevgrou
> Warning:          Could not resolve keysym XF86KbdInputAssistNextgrou
Errors from xkbcomp are not fatal to the X server
The XKEYBOARD keymap compiler (xkbcomp) reports:
> Warning:          Unsupported maximum keycode 708, clipping.
>                   X11 cannot support keycodes above 255.
> Warning:          Could not resolve keysym XF86KbdInputAssistPrevgrou
> Warning:          Could not resolve keysym XF86KbdInputAssistNextgrou
Errors from xkbcomp are not fatal to the X server
The XKEYBOARD keymap compiler (xkbcomp) reports:
> Warning:          Unsupported maximum keycode 708, clipping.
>                   X11 cannot support keycodes above 255.
> Warning:          Could not resolve keysym XF86KbdInputAssistPrevgrou
> Warning:          Could not resolve keysym XF86KbdInputAssistNextgrou
Errors from xkbcomp are not fatal to the X server
The XKEYBOARD keymap compiler (xkbcomp) reports:
> Warning:          Unsupported maximum keycode 708, clipping.
>                   X11 cannot support keycodes above 255.
> Warning:          Could not resolve keysym XF86KbdInputAssistPrevgrou
> Warning:          Could not resolve keysym XF86KbdInputAssistNextgrou
Errors from xkbcomp are not fatal to the X server
The XKEYBOARD keymap compiler (xkbcomp) reports:
> Warning:          Unsupported maximum keycode 708, clipping.
>                   X11 cannot support keycodes above 255.
> Warning:          Could not resolve keysym XF86KbdInputAssistPrevgrou
> Warning:          Could not resolve keysym XF86KbdInputAssistNextgrou
Errors from xkbcomp are not fatal to the X server
The XKEYBOARD keymap compiler (xkbcomp) reports:
> Warning:          Unsupported maximum keycode 708, clipping.
>                   X11 cannot support keycodes above 255.
> Warning:          Could not resolve keysym XF86KbdInputAssistPrevgrou
> Warning:          Could not resolve keysym XF86KbdInputAssistNextgrou
Errors from xkbcomp are not fatal to the X server
The XKEYBOARD keymap compiler (xkbcomp) reports:
> Warning:          Unsupported maximum keycode 708, clipping.
>                   X11 cannot support keycodes above 255.
> Warning:          Could not resolve keysym XF86KbdInputAssistPrevgrou
> Warning:          Could not resolve keysym XF86KbdInputAssistNextgrou
Errors from xkbcomp are not fatal to the X server
The XKEYBOARD keymap compiler (xkbcomp) reports:
> Warning:          Unsupported maximum keycode 708, clipping.
>                   X11 cannot support keycodes above 255.
> Warning:          Could not resolve keysym XF86KbdInputAssistPrevgrou
> Warning:          Could not resolve keysym XF86KbdInputAssistNextgrou
Errors from xkbcomp are not fatal to the X server
*** BUG ***
In pixman_region32_init_rect: Invalid rectangle passed
Set a breakpoint on '_pixman_log_error' to debug

*** BUG ***
In pixman_region32_init_rect: Invalid rectangle passed
Set a breakpoint on '_pixman_log_error' to debug

*** BUG ***
In pixman_region32_init_rect: Invalid rectangle passed
Set a breakpoint on '_pixman_log_error' to debug

*** BUG ***
In pixman_region32_init_rect: Invalid rectangle passed
Set a breakpoint on '_pixman_log_error' to debug

*** BUG ***
In pixman_region32_init_rect: Invalid rectangle passed
Set a breakpoint on '_pixman_log_error' to debug

*** BUG ***
In pixman_region32_init_rect: Invalid rectangle passed
Set a breakpoint on '_pixman_log_error' to debug

*** BUG ***
In pixman_region32_init_rect: Invalid rectangle passed
Set a breakpoint on '_pixman_log_error' to debug

*** BUG ***
In pixman_region32_init_rect: Invalid rectangle passed
Set a breakpoint on '_pixman_log_error' to debug

*** BUG ***
In pixman_region32_init_rect: Invalid rectangle passed
Set a breakpoint on '_pixman_log_error' to debug

*** BUG ***
In pixman_region32_init_rect: Invalid rectangle passed
Set a breakpoint on '_pixman_log_error' to debug

The XKEYBOARD keymap compiler (xkbcomp) reports:
> Warning:          Unsupported maximum keycode 708, clipping.
>                   X11 cannot support keycodes above 255.
> Warning:          Could not resolve keysym XF86KbdInputAssistPrevgrou
> Warning:          Could not resolve keysym XF86KbdInputAssistNextgrou
Errors from xkbcomp are not fatal to the X server

(process:4456): GLib-CRITICAL **: 18:35:10.424: g_string_insert_len: assertion 'len == 0 || val != NULL' failed
INFO:root:https://github.com/flathub/com.valvesoftware.Steam/wiki
INFO:root:Will set XDG dirs prefix to /home/kdrik/.var/app/com.valvesoftware.Steam
DEBUG:root:Checking input devices permissions
INFO:root:Overriding TZ to Poland
steam.sh[2]: Running Steam on org.freedesktop.platform 23.08 64-bit
steam.sh[2]: STEAM_RUNTIME is enabled automatically
setup.sh[69]: Steam runtime environment up-to-date!

** (waybar:1291): WARNING **: 18:35:31.358: Status Notifier Item with bus name ':1.8' and object path '/org/ayatana/NotificationItem/nm_applet' is already registered
QApplication: invalid style override 'kvantum' passed, ignoring it.
	Available styles: Breeze, Windows, Fusion
kf.kio.widgets: Failed to check which JobView API is supported "org.freedesktop.DBus.Error.ServiceUnknown"
** Message: 18:42:14.566: Connecting to org.freedesktop.Tracker3.Miner.Files
find: ‘/home/kdrik/.config/hyde/themes’: Нет такого файла или каталога
/home/kdrik/.local/share/bin/globalcontrol.sh: строка 55: parallel: команда не найдена
find: ‘/home/kdrik/.config/hyde/themes’: Нет такого файла или каталога
/home/kdrik/.local/share/bin/globalcontrol.sh: строка 55: parallel: команда не найдена
find: ‘/home/kdrik/.config/hyde/themes’: Нет такого файла или каталога
/home/kdrik/.local/share/bin/globalcontrol.sh: строка 55: parallel: команда не найдена
find: ‘/home/kdrik/.config/hyde/themes’: Нет такого файла или каталога
/home/kdrik/.local/share/bin/globalcontrol.sh: строка 55: parallel: команда не найдена
find: ‘/home/kdrik/.config/hyde/themes’: Нет такого файла или каталога
/home/kdrik/.local/share/bin/globalcontrol.sh: строка 55: parallel: команда не найдена

(process:7671): GLib-CRITICAL **: 18:52:51.501: g_string_insert_len: assertion 'len == 0 || val != NULL' failed

** (waybar:1291): WARNING **: 18:52:52.640: Status Notifier Item with bus name ':1.8' and object path '/org/ayatana/NotificationItem/nm_applet' is already registered

(spotify:7): libnotify-WARNING **: 18:53:00.821: Running in confined mode, using Portal notifications. Some features and hints won't be supported
libnotify-Message: 18:53:03.821: App Name is not available when using Portal Notifications
find: ‘/home/kdrik/.config/hyde/themes’: Нет такого файла или каталога
/home/kdrik/.local/share/bin/globalcontrol.sh: строка 55: parallel: команда не найдена
find: ‘/home/kdrik/.config/hyde/themes’: Нет такого файла или каталога
/home/kdrik/.local/share/bin/globalcontrol.sh: строка 55: parallel: команда не найдена
find: ‘/home/kdrik/.config/hyde/themes’: Нет такого файла или каталога
/home/kdrik/.local/share/bin/globalcontrol.sh: строка 55: parallel: команда не найдена
find: ‘/home/kdrik/.config/hyde/themes’: Нет такого файла или каталога
/home/kdrik/.local/share/bin/globalcontrol.sh: строка 55: parallel: команда не найдена
find: ‘/home/kdrik/.config/hyde/themes’: Нет такого файла или каталога
/home/kdrik/.local/share/bin/globalcontrol.sh: строка 55: parallel: команда не найдена
find: ‘/home/kdrik/.config/hyde/themes’: Нет такого файла или каталога
/home/kdrik/.local/share/bin/globalcontrol.sh: строка 55: parallel: команда не найдена
find: ‘/home/kdrik/.config/hyde/themes’: Нет такого файла или каталога
/home/kdrik/.local/share/bin/globalcontrol.sh: строка 55: parallel: команда не найдена
find: ‘/home/kdrik/.config/hyde/themes’: Нет такого файла или каталога
/home/kdrik/.local/share/bin/globalcontrol.sh: строка 55: parallel: команда не найдена

(waybar:1291): LIBDBUSMENU-GLIB-WARNING **: 18:53:49.802: Unable to replace properties on 0: Error getting properties for ID

(waybar:1291): LIBDBUSMENU-GLIB-WARNING **: 18:53:51.965: Unable to replace properties on 0: Error getting properties for ID

(waybar:1291): LIBDBUSMENU-GLIB-WARNING **: 18:53:52.092: Unable to replace properties on 0: Error getting properties for ID
The XKEYBOARD keymap compiler (xkbcomp) reports:
> Warning:          Unsupported maximum keycode 708, clipping.
>                   X11 cannot support keycodes above 255.
> Warning:          Could not resolve keysym XF86KbdInputAssistPrevgrou
> Warning:          Could not resolve keysym XF86KbdInputAssistNextgrou
Errors from xkbcomp are not fatal to the X server
The XKEYBOARD keymap compiler (xkbcomp) reports:
> Warning:          Unsupported maximum keycode 708, clipping.
>                   X11 cannot support keycodes above 255.
> Warning:          Could not resolve keysym XF86KbdInputAssistPrevgrou
> Warning:          Could not resolve keysym XF86KbdInputAssistNextgrou
Errors from xkbcomp are not fatal to the X server
The XKEYBOARD keymap compiler (xkbcomp) reports:
> Warning:          Unsupported maximum keycode 708, clipping.
>                   X11 cannot support keycodes above 255.
> Warning:          Could not resolve keysym XF86KbdInputAssistPrevgrou
> Warning:          Could not resolve keysym XF86KbdInputAssistNextgrou
Errors from xkbcomp are not fatal to the X server
find: ‘/home/kdrik/.config/hyde/themes’: Нет такого файла или каталога
/home/kdrik/.local/share/bin/globalcontrol.sh: строка 55: parallel: команда не найдена
find: ‘/home/kdrik/.config/hyde/themes’: Нет такого файла или каталога
/home/kdrik/.local/share/bin/globalcontrol.sh: строка 55: parallel: команда не найдена
find: ‘/home/kdrik/.config/hyde/themes’: Нет такого файла или каталога
/home/kdrik/.local/share/bin/globalcontrol.sh: строка 55: parallel: команда не найдена
** Message: 18:55:33.189: Connecting to org.freedesktop.Tracker3.Miner.Files
nautilus-application-Message: 18:55:33.189: Failed to initialize display server connection: Невозможно вызвать метод; прокси создан для хорошо известного имени org.gnome.Mutter.ServiceChannel без владельца, и был создан с флагом G_DBUS_PROXY_FLAGS_DO_NOT_AUTO_STAR

(org.gnome.Nautilus:8719): nautilus-tag-manager-WARNING **: 18:55:33.419: Tracker 2 migration: Couldn't run `tinysparql3`: Не удалось выполнить дочерний процесс "tinysparql3" (Нет такого файла или каталога)
MESA-INTEL: warning: ../mesa-24.2.4/src/intel/vulkan/anv_formats.c:763: FINISHME: support YUV colorspace with DRM format modifiers
MESA-INTEL: warning: ../mesa-24.2.4/src/intel/vulkan/anv_formats.c:794: FINISHME: support more multi-planar formats with DRM modifiers
libnotify-Message: 18:56:40.981: App Name is not available when using Portal Notifications
find: ‘/home/kdrik/.config/hyde/themes’: Нет такого файла или каталога
/home/kdrik/.local/share/bin/globalcontrol.sh: строка 55: parallel: команда не найдена
find: ‘/home/kdrik/.config/hyde/themes’: Нет такого файла или каталога
/home/kdrik/.local/share/bin/globalcontrol.sh: строка 55: parallel: команда не найдена

(org.gnome.Nautilus:8719): Gtk-WARNING **: 18:57:09.717: gtk_widget_size_allocate(): attempt to allocate GtkBox box 0x5e01d2a9f400 with width 200 and height -2147483648
